<?xml version="1.0" encoding="UTF-8"?>
<!-- Generated by org.testng.reporters.JUnitReportReporter -->
<testsuite hostname="DESKTOP-SP8UJ8Q" failures="0" tests="1" name="script.InValidLogin" time="11.040" errors="0" timestamp="2022-08-23T19:07:49 IST" skipped="0">
  <testcase classname="script.InValidLogin" name="testInValidLogin" time="11.040"/>
  <system-out>
    <![CDATA[Enter Valid User Name
Enter Valid Password
Click on Login Button
Verify Error Message is displayed
Error Message is Displayed]]>
  </system-out>
</testsuite> <!-- script.InValidLogin -->
