<?xml version="1.0" encoding="UTF-8"?>
<!-- Generated by org.testng.reporters.JUnitReportReporter -->
<testsuite hostname="DESKTOP-SP8UJ8Q" failures="0" tests="5" name="script.Demo2" time="56.390" errors="0" timestamp="2022-08-23T17:01:39 IST" skipped="0">
  <testcase classname="script.Demo2" name="logout" time="16.534"/>
  <system-out>
    <![CDATA[actiTIME - Login
CD
DR]]>
  </system-out>
  <testcase classname="script.Demo2" name="logout" time="9.008"/>
  <system-out>
    <![CDATA[actiTIME - Login
S3
 
S]]>
  </system-out>
  <testcase classname="script.Demo2" name="logout" time="9.483"/>
  <system-out>
    <![CDATA[actiTIME - Login
A
A1
X1]]>
  </system-out>
  <testcase classname="script.Demo2" name="logout" time="11.547"/>
  <system-out>
    <![CDATA[actiTIME - Login
 
DS]]>
  </system-out>
  <testcase classname="script.Demo2" name="logout" time="9.818"/>
  <system-out>
    <![CDATA[actiTIME - Login
C1]]>
  </system-out>
</testsuite> <!-- script.Demo2 -->
