<?xml version="1.0" encoding="UTF-8"?>
<!-- Generated by org.testng.reporters.JUnitReportReporter -->
<testsuite hostname="DESKTOP-SP8UJ8Q" failures="0" tests="1" name="script.Demo1" time="10.565" errors="0" timestamp="2022-08-23T15:38:20 IST" skipped="0">
  <testcase classname="script.Demo1" name="login" time="10.565"/>
  <system-out>
    <![CDATA[actiTIME - Login
3
Syed
Ahad
Rabiya
ki
Tauseer
Sa]]>
  </system-out>
</testsuite> <!-- script.Demo1 -->
